<?xml version="1.0" encoding="UTF-8"?>
<testsuite xmlns:xsi="http://www.w3.org/2001/XMLSchema-instance" xsi:noNamespaceSchemaLocation="https://maven.apache.org/surefire/maven-surefire-plugin/xsd/surefire-test-report-3.0.xsd" version="3.0" name="tailspin.language.nodes.transform.TemplatesTest" time="0.027" tests="3" errors="0" skipped="0" failures="0">
  <properties>
[...]
</properties>
  <testcase name="simple_matcher" classname="tailspin.language.nodes.transform.TemplatesTest" time="0.008"/>
  <testcase name="array_chain" classname="tailspin.language.nodes.transform.TemplatesTest" time="0.015"/>
  <testcase name="simple_function" classname="tailspin.language.nodes.transform.TemplatesTest" time="0.001"/>
</testsuite>